#
# There is insufficient memory for the Java Runtime Environment to continue.
# Native memory allocation (malloc) failed to allocate 218416 bytes. Error detail: Chunk::new
# Possible reasons:
#   The system is out of physical RAM or swap space
#   This process is running with CompressedOops enabled, and the Java Heap may be blocking the growth of the native heap
# Possible solutions:
#   Reduce memory load on the system
#   Increase physical memory or swap space
#   Check if swap backing store is full
#   Decrease Java heap size (-Xmx/-Xms)
#   Decrease number of Java threads
#   Decrease Java thread stack sizes (-Xss)
#   Set larger code cache with -XX:ReservedCodeCacheSize=
#   JVM is running with Unscaled Compressed Oops mode in which the Java heap is
#     placed in the first 4GB address space. The Java Heap base address is the
#     maximum limit for the native heap growth. Please use -XX:HeapBaseMinAddress
#     to set the Java Heap base and to place the Java Heap above 4GB virtual address.
# This output file may be truncated or incomplete.
#
#  Out of Memory Error (arena.cpp:162), pid=14904, tid=14824
#
# JRE version: Java(TM) SE Runtime Environment (24.0.2+12) (build 24.0.2+12-54)
# Java VM: Java HotSpot(TM) 64-Bit Server VM (24.0.2+12-54, mixed mode, sharing, tiered, compressed oops, compressed class ptrs, parallel gc, windows-amd64)
# No core dump will be written. Minidumps are not enabled by default on client versions of Windows
#

---------------  S U M M A R Y ------------

Command Line: -Djdk.xml.maxGeneralEntitySizeLimit=0 -Djdk.xml.totalEntitySizeLimit=0 --add-modules=ALL-SYSTEM --add-opens=java.base/java.util=ALL-UNNAMED --add-opens=java.base/java.lang=ALL-UNNAMED --add-opens=java.base/sun.nio.fs=ALL-UNNAMED -Declipse.application=org.eclipse.jdt.ls.core.id1 -Dosgi.bundles.defaultStartLevel=4 -Declipse.product=org.eclipse.jdt.ls.core.product -Djava.import.generatesMetadataFilesAtProjectRoot=false -DDetectVMInstallationsJob.disabled=true -Dfile.encoding=utf8 -XX:+UseParallelGC -XX:GCTimeRatio=4 -XX:AdaptiveSizePolicyWeight=90 -Dsun.zip.disableMemoryMapping=true -Xmx2G -Xms100m -Xlog:disable -javaagent:c:\Users\Duong\.vscode\extensions\redhat.java-1.54.0-win32-x64\lombok\lombok-1.18.39-4050.jar -XX:+HeapDumpOnOutOfMemoryError -XX:HeapDumpPath=c:\Users\Duong\AppData\Roaming\Code\User\workspaceStorage\68b6bf03151ee509615350189f5dd550\redhat.java -Daether.dependencyCollector.impl=bf c:\Users\Duong\.vscode\extensions\redhat.java-1.54.0-win32-x64\server\plugins\org.eclipse.equinox.launcher_1.7.100.v20251111-0406.jar -configuration c:\Users\Duong\AppData\Roaming\Code\User\globalStorage\redhat.java\1.54.0\config_win -data c:\Users\Duong\AppData\Roaming\Code\User\workspaceStorage\68b6bf03151ee509615350189f5dd550\redhat.java\jdt_ws --pipe=\\.\pipe\lsp-74e371a73893f973fd41dfa8533a78d2-sock

Host: Intel(R) Core(TM) i7-4600U CPU @ 2.10GHz, 4 cores, 7G,  Windows 10 , 64 bit Build 19041 (10.0.19041.5915)
Time: Mon Jun 15 23:02:51 2026 SE Asia Standard Time elapsed time: 3.897246 seconds (0d 0h 0m 3s)

---------------  T H R E A D  ---------------

Current thread (0x000001fb2d9ceb10):  JavaThread "C2 CompilerThread0" daemon [_thread_in_native, id=14824, stack(0x0000002d69200000,0x0000002d69300000) (1024K)]


Current CompileTask:
C2:3897 1500   !   4       lombok.patcher.ScriptManager$OurClassFileTransformer::transform (473 bytes)

Stack: [0x0000002d69200000,0x0000002d69300000]
Native frames: (J=compiled Java code, j=interpreted, Vv=VM code, C=native code)
V  [jvm.dll+0x730829]  (no source info available)
V  [jvm.dll+0x8d9da3]  (no source info available)
V  [jvm.dll+0x8dc28d]  (no source info available)
V  [jvm.dll+0x8dc903]  (no source info available)
V  [jvm.dll+0x2a9f56]  (no source info available)
V  [jvm.dll+0xced7f]  (no source info available)
V  [jvm.dll+0xcefdf]  (no source info available)
V  [jvm.dll+0x3f3642]  (no source info available)
V  [jvm.dll+0x3c0040]  (no source info available)
V  [jvm.dll+0x3bf4ca]  (no source info available)
V  [jvm.dll+0x26f637]  (no source info available)
V  [jvm.dll+0x26e8ff]  (no source info available)
V  [jvm.dll+0x1e9c90]  (no source info available)
V  [jvm.dll+0x27e0cb]  (no source info available)
V  [jvm.dll+0x27c36a]  (no source info available)
V  [jvm.dll+0x42f396]  (no source info available)
V  [jvm.dll+0x87d9eb]  (no source info available)
V  [jvm.dll+0x72ef45]  (no source info available)
C  [ucrtbase.dll+0x21bb2]  (no source info available)
C  [KERNEL32.DLL+0x17374]  (no source info available)
C  [ntdll.dll+0x4cc91]  (no source info available)

Lock stack of current Java thread (top to bottom):


---------------  P R O C E S S  ---------------

Threads class SMR info:
_java_thread_list=0x000001fb74473920, length=12, elements={
0x000001fb13d44210, 0x000001fb2d9c1ff0, 0x000001fb2d9c49c0, 0x000001fb2d9c56f0,
0x000001fb2d9c8430, 0x000001fb2d9c9160, 0x000001fb2d9cdcb0, 0x000001fb2d9ceb10,
0x000001fb2da37af0, 0x000001fb6f93dcf0, 0x000001fb74392d90, 0x000001fb74800080
}

Java Threads: ( => current thread )
  0x000001fb13d44210 JavaThread "main"                              [_thread_in_Java, id=9788, stack(0x0000002d68800000,0x0000002d68900000) (1024K)]
  0x000001fb2d9c1ff0 JavaThread "Reference Handler"          daemon [_thread_blocked, id=1016, stack(0x0000002d68c00000,0x0000002d68d00000) (1024K)]
  0x000001fb2d9c49c0 JavaThread "Finalizer"                  daemon [_thread_blocked, id=7804, stack(0x0000002d68d00000,0x0000002d68e00000) (1024K)]
  0x000001fb2d9c56f0 JavaThread "Signal Dispatcher"          daemon [_thread_blocked, id=6764, stack(0x0000002d68e00000,0x0000002d68f00000) (1024K)]
  0x000001fb2d9c8430 JavaThread "Attach Listener"            daemon [_thread_blocked, id=10168, stack(0x0000002d68f00000,0x0000002d69000000) (1024K)]
  0x000001fb2d9c9160 JavaThread "Service Thread"             daemon [_thread_blocked, id=4240, stack(0x0000002d69000000,0x0000002d69100000) (1024K)]
  0x000001fb2d9cdcb0 JavaThread "Monitor Deflation Thread"   daemon [_thread_blocked, id=13000, stack(0x0000002d69100000,0x0000002d69200000) (1024K)]
=>0x000001fb2d9ceb10 JavaThread "C2 CompilerThread0"         daemon [_thread_in_native, id=14824, stack(0x0000002d69200000,0x0000002d69300000) (1024K)]
  0x000001fb2da37af0 JavaThread "C1 CompilerThread0"         daemon [_thread_blocked, id=14504, stack(0x0000002d69300000,0x0000002d69400000) (1024K)]
  0x000001fb6f93dcf0 JavaThread "Common-Cleaner"             daemon [_thread_blocked, id=15000, stack(0x0000002d69500000,0x0000002d69600000) (1024K)]
  0x000001fb74392d90 JavaThread "Notification Thread"        daemon [_thread_blocked, id=10880, stack(0x0000002d69400000,0x0000002d69500000) (1024K)]
  0x000001fb74800080 JavaThread "C2 CompilerThread1"         daemon [_thread_in_native, id=11132, stack(0x0000002d69600000,0x0000002d69700000) (1024K)]
Total: 12

Other Threads:
  0x000001fb13dff340 VMThread "VM Thread"                           [id=15348, stack(0x0000002d68b00000,0x0000002d68c00000) (1024K)]
  0x000001fb2d97ca00 WatcherThread "VM Periodic Task Thread"        [id=11520, stack(0x0000002d68a00000,0x0000002d68b00000) (1024K)]
  0x000001fb13d613b0 WorkerThread "GC Thread#0"                     [id=1664, stack(0x0000002d68900000,0x0000002d68a00000) (1024K)]
  0x000001fb745e6e70 WorkerThread "GC Thread#1"                     [id=7740, stack(0x0000002d69700000,0x0000002d69800000) (1024K)]
  0x000001fb7460e0e0 WorkerThread "GC Thread#2"                     [id=14936, stack(0x0000002d69800000,0x0000002d69900000) (1024K)]
  0x000001fb745fe040 WorkerThread "GC Thread#3"                     [id=6460, stack(0x0000002d69900000,0x0000002d69a00000) (1024K)]
Total: 6

Threads with active compile tasks:
C2 CompilerThread0  4028 1500   !   4       lombok.patcher.ScriptManager$OurClassFileTransformer::transform (473 bytes)
C1 CompilerThread0  4028 1563       3       org.eclipse.osgi.container.ModuleDatabase$Persistence::readModule (348 bytes)
C2 CompilerThread1  4028 1554       4       java.util.Collections$UnmodifiableCollection::iterator (9 bytes)
Total: 3

VM state: not at safepoint (normal execution)

VM Mutex/Monitor currently owned by a thread: None

Heap address: 0x0000000080000000, size: 2048 MB, Compressed Oops mode: 32-bit

CDS archive(s) mapped at: [0x000001fb2e000000-0x000001fb2ed40000-0x000001fb2ed40000), size 13893632, SharedBaseAddress: 0x000001fb2e000000, ArchiveRelocationMode: 1.
Compressed class space mapped at: 0x000001fb2f000000-0x000001fb6f000000, reserved size: 1073741824
UseCompressedClassPointers 1, UseCompactObjectHeaders 0
Narrow klass pointer bits 32, Max shift 3
Narrow klass base: 0x000001fb2e000000, Narrow klass shift: 0
Encoding Range: [0x000001fb2e000000 - 0x000001fc2e000000), (4294967296 bytes)
Klass Range:    [0x000001fb2e000000 - 0x000001fb6f000000), (1090519040 bytes)
Klass ID Range:  [8 - 1090519033) (1090519025)

GC Precious Log:
 CardTable entry size: 512
 CPUs: 4 total, 4 available
 Memory: 8097M
 Large Page Support: Disabled
 NUMA Support: Disabled
 Compressed Oops: Enabled (32-bit)
 Alignments: Space 512K, Generation 512K, Heap 2M
 Heap Min Capacity: 100M
 Heap Initial Capacity: 100M
 Heap Max Capacity: 2G
 Pre-touch: Disabled
 Parallel Workers: 4

Heap:
 PSYoungGen      total 29696K, used 18418K [0x00000000d5580000, 0x00000000d7680000, 0x0000000100000000)
  eden space 25600K, 59% used [0x00000000d5580000,0x00000000d6461780,0x00000000d6e80000)
  from space 4096K, 77% used [0x00000000d6e80000,0x00000000d719b260,0x00000000d7280000)
  to   space 4096K, 0% used [0x00000000d7280000,0x00000000d7280000,0x00000000d7680000)
 ParOldGen       total 68608K, used 1148K [0x0000000080000000, 0x0000000084300000, 0x00000000d5580000)
  object space 68608K, 1% used [0x0000000080000000,0x000000008011f248,0x0000000084300000)
 Metaspace       used 6512K, committed 6720K, reserved 1114112K
  class space    used 522K, committed 640K, reserved 1048576K

Card table byte_map: [0x000001fb13840000,0x000001fb13c40000] _byte_map_base: 0x000001fb13440000

Marking Bits: (ParMarkBitMap*) 0x00007ffbc32f98d0
 Begin Bits: [0x000001fb2b8a0000, 0x000001fb2d8a0000)

Polling page: 0x000001fb11d10000

Metaspace:

Usage:
  Non-class:      5.85 MB used.
      Class:    522.64 KB used.
       Both:      6.36 MB used.

Virtual space:
  Non-class space:       64.00 MB reserved,       5.94 MB (  9%) committed,  1 nodes.
      Class space:        1.00 GB reserved,     640.00 KB ( <1%) committed,  1 nodes.
             Both:        1.06 GB reserved,       6.56 MB ( <1%) committed. 

Chunk freelists:
   Non-Class:  9.81 MB
       Class:  15.38 MB
        Both:  25.19 MB

MaxMetaspaceSize: unlimited
CompressedClassSpaceSize: 1.00 GB
Initial GC threshold: 21.00 MB
Current GC threshold: 21.00 MB
CDS: on
 - commit_granule_bytes: 65536.
 - commit_granule_words: 8192.
 - virtual_space_node_default_size: 8388608.
 - enlarge_chunks_in_place: 1.
UseCompressedClassPointers 1, UseCompactObjectHeaders 0
Narrow klass pointer bits 32, Max shift 3
Narrow klass base: 0x000001fb2e000000, Narrow klass shift: 0
Encoding Range: [0x000001fb2e000000 - 0x000001fc2e000000), (4294967296 bytes)
Klass Range:    [0x000001fb2e000000 - 0x000001fb6f000000), (1090519040 bytes)
Klass ID Range:  [8 - 1090519033) (1090519025)


Internal statistics:

num_allocs_failed_limit: 0.
num_arena_births: 124.
num_arena_deaths: 0.
num_vsnodes_births: 2.
num_vsnodes_deaths: 0.
num_space_committed: 105.
num_space_uncommitted: 0.
num_chunks_returned_to_freelist: 0.
num_chunks_taken_from_freelist: 254.
num_chunk_merges: 0.
num_chunk_splits: 161.
num_chunks_enlarged: 105.
num_inconsistent_stats: 0.

CodeHeap 'non-profiled nmethods': size=120064Kb used=511Kb max_used=511Kb free=119552Kb
 bounds [0x000001fb240b0000, 0x000001fb24320000, 0x000001fb2b5f0000]
CodeHeap 'profiled nmethods': size=120000Kb used=2321Kb max_used=2321Kb free=117678Kb
 bounds [0x000001fb1c5f0000, 0x000001fb1c860000, 0x000001fb23b20000]
CodeHeap 'non-nmethods': size=5696Kb used=1239Kb max_used=1268Kb free=4456Kb
 bounds [0x000001fb23b20000, 0x000001fb23d90000, 0x000001fb240b0000]
CodeCache: size=245760Kb, used=4071Kb, max_used=4100Kb, free=241686Kb
 total_blobs=2034, nmethods=1556, adapters=386, full_count=0
Compilation: enabled, stopped_count=0, restarted_count=0

Compilation events (20 events):
Event: 3.809 Thread 0x000001fb2da37af0 1494       3       org.lombokweb.asm.SymbolTable$Entry::<init> (18 bytes)
Event: 3.809 Thread 0x000001fb2da37af0 nmethod 1494 0x000001fb1c819f88 code [0x000001fb1c81a0a0, 0x000001fb1c81a210]
Event: 3.809 Thread 0x000001fb2da37af0 1495       3       org.lombokweb.asm.ClassReader::readInt (52 bytes)
Event: 3.809 Thread 0x000001fb2da37af0 nmethod 1495 0x000001fb1c81a288 code [0x000001fb1c81a3a0, 0x000001fb1c81a570]
Event: 3.813 Thread 0x000001fb2da37af0 1496       3       org.lombokweb.asm.SymbolTable::addConstantNameAndType (28 bytes)
Event: 3.813 Thread 0x000001fb2da37af0 nmethod 1496 0x000001fb1c81a588 code [0x000001fb1c81a6e0, 0x000001fb1c81ab10]
Event: 3.814 Thread 0x000001fb2da37af0 1497       3       org.lombokweb.asm.SymbolTable::addConstantUtf8Reference (20 bytes)
Event: 3.815 Thread 0x000001fb2da37af0 nmethod 1497 0x000001fb1c81ab88 code [0x000001fb1c81ace0, 0x000001fb1c81b030]
Event: 3.817 Thread 0x000001fb2d9ceb10 nmethod 1489 0x000001fb2412b888 code [0x000001fb2412b9e0, 0x000001fb2412c270]
Event: 3.818 Thread 0x000001fb2da37af0 1498       1       org.lombokweb.asm.MethodWriter::hasAsmInstructions (5 bytes)
Event: 3.818 Thread 0x000001fb2da37af0 nmethod 1498 0x000001fb2412c308 code [0x000001fb2412c400, 0x000001fb2412c4c8]
Event: 3.819 Thread 0x000001fb2da37af0 1499       3       lombok.patcher.scripts.MethodLevelPatchScript::patch (21 bytes)
Event: 3.819 Thread 0x000001fb2da37af0 nmethod 1499 0x000001fb1c81b088 code [0x000001fb1c81b1c0, 0x000001fb1c81b438]
Event: 3.872 Thread 0x000001fb2d9ceb10 1500   !   4       lombok.patcher.ScriptManager$OurClassFileTransformer::transform (473 bytes)
Event: 3.884 Thread 0x000001fb2da37af0 1501       3       java.security.Provider$ServiceKey::equals (53 bytes)
Event: 3.885 Thread 0x000001fb2da37af0 nmethod 1501 0x000001fb1c81b488 code [0x000001fb1c81b5e0, 0x000001fb1c81bb18]
Event: 3.886 Thread 0x000001fb2da37af0 1502       3       java.util.ArrayList::addAll (76 bytes)
Event: 3.887 Thread 0x000001fb2da37af0 nmethod 1502 0x000001fb1c81bb88 code [0x000001fb1c81bce0, 0x000001fb1c81c160]
Event: 3.887 Thread 0x000001fb74800080 1503       4       java.lang.AbstractStringBuilder::newCapacity (59 bytes)
Event: 3.888 Thread 0x000001fb74800080 nmethod 1503 0x000001fb2412c608 code [0x000001fb2412c700, 0x000001fb2412c808]

GC Heap History (2 events):
Event: 2.643 GC heap before
{Heap before GC invocations=1 (full 0):
 PSYoungGen      total 29696K, used 25600K [0x00000000d5580000, 0x00000000d7680000, 0x0000000100000000)
  eden space 25600K, 100% used [0x00000000d5580000,0x00000000d6e80000,0x00000000d6e80000)
  from space 4096K, 0% used [0x00000000d7280000,0x00000000d7280000,0x00000000d7680000)
  to   space 4096K, 0% used [0x00000000d6e80000,0x00000000d6e80000,0x00000000d7280000)
 ParOldGen       total 68608K, used 1140K [0x0000000080000000, 0x0000000084300000, 0x00000000d5580000)
  object space 68608K, 1% used [0x0000000080000000,0x000000008011d248,0x0000000084300000)
 Metaspace       used 4264K, committed 4544K, reserved 1114112K
  class space    used 367K, committed 512K, reserved 1048576K
}
Event: 2.652 GC heap after
{Heap after GC invocations=1 (full 0):
 PSYoungGen      total 29696K, used 3180K [0x00000000d5580000, 0x00000000d7680000, 0x0000000100000000)
  eden space 25600K, 0% used [0x00000000d5580000,0x00000000d5580000,0x00000000d6e80000)
  from space 4096K, 77% used [0x00000000d6e80000,0x00000000d719b260,0x00000000d7280000)
  to   space 4096K, 0% used [0x00000000d7280000,0x00000000d7280000,0x00000000d7680000)
 ParOldGen       total 68608K, used 1148K [0x0000000080000000, 0x0000000084300000, 0x00000000d5580000)
  object space 68608K, 1% used [0x0000000080000000,0x000000008011f248,0x0000000084300000)
 Metaspace       used 4264K, committed 4544K, reserved 1114112K
  class space    used 367K, committed 512K, reserved 1048576K
}

Dll operation events (9 events):
Event: 0.207 Loaded shared library C:\Program Files\Java\jdk-24\bin\java.dll
Event: 0.393 Loaded shared library C:\Program Files\Java\jdk-24\bin\jsvml.dll
Event: 0.562 Loaded shared library C:\Program Files\Java\jdk-24\bin\zip.dll
Event: 0.566 Loaded shared library C:\Program Files\Java\jdk-24\bin\instrument.dll
Event: 0.574 Loaded shared library C:\Program Files\Java\jdk-24\bin\net.dll
Event: 0.577 Loaded shared library C:\Program Files\Java\jdk-24\bin\nio.dll
Event: 0.657 Loaded shared library C:\Program Files\Java\jdk-24\bin\zip.dll
Event: 0.755 Loaded shared library C:\Program Files\Java\jdk-24\bin\jimage.dll
Event: 1.320 Loaded shared library C:\Program Files\Java\jdk-24\bin\verify.dll

Deoptimization events (20 events):
Event: 3.502 Thread 0x000001fb13d44210 DEOPT PACKING pc=0x000001fb1c6a4c37 sp=0x0000002d688f4320
Event: 3.502 Thread 0x000001fb13d44210 DEOPT UNPACKING pc=0x000001fb23b74ea2 sp=0x0000002d688f37d0 mode 0
Event: 3.505 Thread 0x000001fb13d44210 DEOPT PACKING pc=0x000001fb1c6a4c37 sp=0x0000002d688f4320
Event: 3.505 Thread 0x000001fb13d44210 DEOPT UNPACKING pc=0x000001fb23b74ea2 sp=0x0000002d688f37d0 mode 0
Event: 3.621 Thread 0x000001fb13d44210 Uncommon trap: trap_request=0xffffffc6 fr.pc=0x000001fb240e8744 relative=0x0000000000000284
Event: 3.621 Thread 0x000001fb13d44210 Uncommon trap: reason=bimorphic_or_optimized_type_check action=maybe_recompile pc=0x000001fb240e8744 method=java.util.Collections$UnmodifiableCollection$1.next()Ljava/lang/Object; @ 4 c2
Event: 3.621 Thread 0x000001fb13d44210 DEOPT PACKING pc=0x000001fb240e8744 sp=0x0000002d688f84e0
Event: 3.621 Thread 0x000001fb13d44210 DEOPT UNPACKING pc=0x000001fb23b96782 sp=0x0000002d688f8490 mode 2
Event: 3.621 Thread 0x000001fb13d44210 Uncommon trap: trap_request=0xffffffc6 fr.pc=0x000001fb240e8744 relative=0x0000000000000284
Event: 3.621 Thread 0x000001fb13d44210 Uncommon trap: reason=bimorphic_or_optimized_type_check action=maybe_recompile pc=0x000001fb240e8744 method=java.util.Collections$UnmodifiableCollection$1.next()Ljava/lang/Object; @ 4 c2
Event: 3.621 Thread 0x000001fb13d44210 DEOPT PACKING pc=0x000001fb240e8744 sp=0x0000002d688f84e0
Event: 3.621 Thread 0x000001fb13d44210 DEOPT UNPACKING pc=0x000001fb23b96782 sp=0x0000002d688f8490 mode 2
Event: 3.784 Thread 0x000001fb13d44210 Uncommon trap: trap_request=0xffffff4d fr.pc=0x000001fb240feba4 relative=0x0000000000000284
Event: 3.784 Thread 0x000001fb13d44210 Uncommon trap: reason=unstable_if action=reinterpret pc=0x000001fb240feba4 method=jdk.internal.util.ArraysSupport.hashCodeOfUnsigned([BIII)I @ 1 c2
Event: 3.784 Thread 0x000001fb13d44210 DEOPT PACKING pc=0x000001fb240feba4 sp=0x0000002d688f7fb0
Event: 3.784 Thread 0x000001fb13d44210 DEOPT UNPACKING pc=0x000001fb23b96782 sp=0x0000002d688f7f30 mode 2
Event: 3.784 Thread 0x000001fb13d44210 Uncommon trap: trap_request=0xffffff4d fr.pc=0x000001fb240ba9c8 relative=0x00000000000000a8
Event: 3.784 Thread 0x000001fb13d44210 Uncommon trap: reason=unstable_if action=reinterpret pc=0x000001fb240ba9c8 method=java.lang.String.hashCode()I @ 42 c2
Event: 3.784 Thread 0x000001fb13d44210 DEOPT PACKING pc=0x000001fb240ba9c8 sp=0x0000002d688f7fe0
Event: 3.784 Thread 0x000001fb13d44210 DEOPT UNPACKING pc=0x000001fb23b96782 sp=0x0000002d688f7f70 mode 2

Classes loaded (20 events):
Event: 3.345 Loading class java/util/concurrent/Semaphore$NonfairSync
Event: 3.345 Loading class java/util/concurrent/Semaphore$Sync
Event: 3.345 Loading class java/util/concurrent/Semaphore$Sync done
Event: 3.345 Loading class java/util/concurrent/Semaphore$NonfairSync done
Event: 3.512 Loading class java/lang/TypeNotPresentException
Event: 3.512 Loading class java/lang/TypeNotPresentException done
Event: 3.820 Loading class java/security/InvalidKeyException
Event: 3.820 Loading class java/security/KeyException
Event: 3.820 Loading class java/security/GeneralSecurityException
Event: 3.820 Loading class java/security/GeneralSecurityException done
Event: 3.820 Loading class java/security/KeyException done
Event: 3.820 Loading class java/security/InvalidKeyException done
Event: 3.821 Loading class java/security/SignatureException
Event: 3.821 Loading class java/security/SignatureException done
Event: 3.821 Loading class java/security/cert/CertificateException
Event: 3.821 Loading class java/security/cert/CertificateException done
Event: 3.821 Loading class java/security/NoSuchAlgorithmException
Event: 3.821 Loading class java/security/NoSuchAlgorithmException done
Event: 3.821 Loading class java/security/NoSuchProviderException
Event: 3.821 Loading class java/security/NoSuchProviderException done

Classes unloaded (0 events):
No events

Classes redefined (0 events):
No events

Internal exceptions (20 events):
Event: 2.117 Thread 0x000001fb13d44210 Exception <a 'java/io/FileNotFoundException'{0x00000000d666c5d0}> (0x00000000d666c5d0) 
thrown [s\open\src\hotspot\share\prims\jni.cpp, line 518]
Event: 2.117 Thread 0x000001fb13d44210 Exception <a 'java/io/FileNotFoundException'{0x00000000d666d110}> (0x00000000d666d110) 
thrown [s\open\src\hotspot\share\prims\jni.cpp, line 518]
Event: 2.123 Thread 0x000001fb13d44210 Implicit null exception at 0x000001fb240e3a94 to 0x000001fb240e4020
Event: 2.124 Thread 0x000001fb13d44210 Implicit null exception at 0x000001fb240e4310 to 0x000001fb240e4894
Event: 2.161 Thread 0x000001fb13d44210 Exception <a 'java/io/FileNotFoundException'{0x00000000d669e7b0}> (0x00000000d669e7b0) 
thrown [s\open\src\hotspot\share\prims\jni.cpp, line 518]
Event: 2.193 Thread 0x000001fb13d44210 Exception <a 'java/lang/NoSuchMethodError'{0x00000000d66f13d8}: 'java.lang.Object java.lang.invoke.DirectMethodHandle$Holder.invokeInterface(java.lang.Object, java.lang.Object)'> (0x00000000d66f13d8) 
thrown [s\open\src\hotspot\share\interpreter\linkResolver.cpp, line 805]
Event: 2.210 Thread 0x000001fb13d44210 Exception <a 'java/lang/NoSuchMethodError'{0x00000000d6764b80}: 'int java.lang.invoke.DirectMethodHandle$Holder.invokeStatic(java.lang.Object, java.lang.Object, java.lang.Object, java.lang.Object, java.lang.Object)'> (0x00000000d6764b80) 
thrown [s\open\src\hotspot\share\interpreter\linkResolver.cpp, line 805]
Event: 2.231 Thread 0x000001fb13d44210 Exception <a 'java/lang/NoSuchMethodError'{0x00000000d67e9728}: 'java.lang.Object java.lang.invoke.DirectMethodHandle$Holder.invokeInterface(java.lang.Object, java.lang.Object, int)'> (0x00000000d67e9728) 
thrown [s\open\src\hotspot\share\interpreter\linkResolver.cpp, line 805]
Event: 2.753 Thread 0x000001fb13d44210 Exception <a 'java/lang/ClassNotFoundException'{0x00000000d57326b8}: sun/net/www/protocol/c/Handler> (0x00000000d57326b8) 
thrown [s\open\src\hotspot\share\classfile\systemDictionary.cpp, line 327]
Event: 2.753 Thread 0x000001fb13d44210 Exception <a 'java/lang/ClassNotFoundException'{0x00000000d5733a78}: sun/net/www/protocol/d/Handler> (0x00000000d5733a78) 
thrown [s\open\src\hotspot\share\classfile\systemDictionary.cpp, line 327]
Event: 2.753 Thread 0x000001fb13d44210 Exception <a 'java/lang/ClassNotFoundException'{0x00000000d5734c70}: sun/net/www/protocol/c/Handler> (0x00000000d5734c70) 
thrown [s\open\src\hotspot\share\classfile\systemDictionary.cpp, line 327]
Event: 2.766 Thread 0x000001fb13d44210 Exception <a 'java/io/IOException'{0x00000000d5764460}> (0x00000000d5764460) 
thrown [s\open\src\hotspot\share\prims\jni.cpp, line 518]
Event: 2.767 Thread 0x000001fb13d44210 Exception <a 'java/io/FileNotFoundException'{0x00000000d5765ba8}> (0x00000000d5765ba8) 
thrown [s\open\src\hotspot\share\prims\jni.cpp, line 518]
Event: 2.938 Thread 0x000001fb13d44210 Implicit null exception at 0x000001fb24111199 to 0x000001fb24111c60
Event: 2.939 Thread 0x000001fb13d44210 Implicit null exception at 0x000001fb2410d90a to 0x000001fb2410db08
Event: 2.942 Thread 0x000001fb13d44210 Exception <a 'java/lang/NoSuchMethodError'{0x00000000d587e1d8}: 'void java.lang.invoke.DirectMethodHandle$Holder.invokeStatic(java.lang.Object, java.lang.Object, java.lang.Object, java.lang.Object)'> (0x00000000d587e1d8) 
thrown [s\open\src\hotspot\share\interpreter\linkResolver.cpp, line 805]
Event: 2.947 Thread 0x000001fb13d44210 Implicit null exception at 0x000001fb2410260a to 0x000001fb24102800
Event: 2.948 Thread 0x000001fb13d44210 Implicit null exception at 0x000001fb2410379d to 0x000001fb24103819
Event: 3.128 Thread 0x000001fb13d44210 Exception <a 'java/io/IOException'{0x00000000d5a2f740}> (0x00000000d5a2f740) 
thrown [s\open\src\hotspot\share\prims\jni.cpp, line 518]
Event: 3.258 Thread 0x000001fb13d44210 Exception <a 'java/lang/NoSuchMethodError'{0x00000000d5b4c040}: 'void java.lang.invoke.DirectMethodHandle$Holder.invokeSpecial(java.lang.Object, java.lang.Object, java.lang.Object)'> (0x00000000d5b4c040) 
thrown [s\open\src\hotspot\share\interpreter\linkResolver.cpp, line 805]

VM Operations (14 events):
Event: 0.490 Executing VM operation: HandshakeAllThreads (Deoptimize)
Event: 0.490 Executing VM operation: HandshakeAllThreads (Deoptimize) done
Event: 0.777 Executing VM operation: HandshakeAllThreads (Deoptimize)
Event: 0.777 Executing VM operation: HandshakeAllThreads (Deoptimize) done
Event: 1.879 Executing VM operation: HandshakeAllThreads (Deoptimize)
Event: 1.879 Executing VM operation: HandshakeAllThreads (Deoptimize) done
Event: 2.061 Executing VM operation: HandshakeAllThreads (Deoptimize)
Event: 2.061 Executing VM operation: HandshakeAllThreads (Deoptimize) done
Event: 2.089 Executing VM operation: HandshakeAllThreads (Deoptimize)
Event: 2.090 Executing VM operation: HandshakeAllThreads (Deoptimize) done
Event: 2.201 Executing VM operation: HandshakeAllThreads (Deoptimize)
Event: 2.201 Executing VM operation: HandshakeAllThreads (Deoptimize) done
Event: 2.643 Executing VM operation: ParallelCollectForAllocation (Allocation Failure)
Event: 2.652 Executing VM operation: ParallelCollectForAllocation (Allocation Failure) done

Memory protections (0 events):
No events

Nmethod flushes (0 events):
No events

Events (16 events):
Event: 0.354 Thread 0x000001fb13d44210 Thread added: 0x000001fb13d44210
Event: 0.389 Thread 0x000001fb13d44210 Thread added: 0x000001fb2d9c1ff0
Event: 0.389 Thread 0x000001fb13d44210 Thread added: 0x000001fb2d9c49c0
Event: 0.390 Thread 0x000001fb13d44210 Thread added: 0x000001fb2d9c56f0
Event: 0.390 Thread 0x000001fb13d44210 Thread added: 0x000001fb2d9c8430
Event: 0.390 Thread 0x000001fb13d44210 Thread added: 0x000001fb2d9c9160
Event: 0.390 Thread 0x000001fb13d44210 Thread added: 0x000001fb2d9cdcb0
Event: 0.390 Thread 0x000001fb13d44210 Thread added: 0x000001fb2d9ceb10
Event: 0.405 Thread 0x000001fb13d44210 Thread added: 0x000001fb2da37af0
Event: 0.539 Thread 0x000001fb2d9ceb10 Thread added: 0x000001fb2da9e800
Event: 0.570 Thread 0x000001fb13d44210 Thread added: 0x000001fb6f93dcf0
Event: 0.661 Thread 0x000001fb2da9e800 Thread exited: 0x000001fb2da9e800
Event: 1.657 Thread 0x000001fb13d44210 Thread added: 0x000001fb74392d90
Event: 1.902 Thread 0x000001fb2da37af0 Thread added: 0x000001fb743a2ad0
Event: 2.882 Thread 0x000001fb743a2ad0 Thread exited: 0x000001fb743a2ad0
Event: 3.391 Thread 0x000001fb2da37af0 Thread added: 0x000001fb74800080


Dynamic libraries:
0x00007ff7e8520000 - 0x00007ff7e8530000 	C:\Program Files\Java\jdk-24\bin\java.exe
0x00007ffc35210000 - 0x00007ffc35408000 	C:\WINDOWS\SYSTEM32\ntdll.dll
0x00007ffc33930000 - 0x00007ffc339f2000 	C:\WINDOWS\System32\KERNEL32.DLL
0x00007ffc328a0000 - 0x00007ffc32b96000 	C:\WINDOWS\System32\KERNELBASE.dll
0x00007ffc33100000 - 0x00007ffc33200000 	C:\WINDOWS\System32\ucrtbase.dll
0x00007ffc1c600000 - 0x00007ffc1c616000 	C:\Program Files\Java\jdk-24\bin\jli.dll
0x00007ffc33360000 - 0x00007ffc33501000 	C:\WINDOWS\System32\USER32.dll
0x00007ffc33030000 - 0x00007ffc33052000 	C:\WINDOWS\System32\win32u.dll
0x00007ffc33d60000 - 0x00007ffc33d8b000 	C:\WINDOWS\System32\GDI32.dll
0x00007ffc32bf0000 - 0x00007ffc32d09000 	C:\WINDOWS\System32\gdi32full.dll
0x00007ffc33060000 - 0x00007ffc330fd000 	C:\WINDOWS\System32\msvcp_win.dll
0x00007ffc1c490000 - 0x00007ffc1c4ab000 	C:\Program Files\Java\jdk-24\bin\VCRUNTIME140.dll
0x00007ffc292f0000 - 0x00007ffc2958b000 	C:\WINDOWS\WinSxS\amd64_microsoft.windows.common-controls_6595b64144ccf1df_6.0.19041.6456_none_60b8a6cb71f64256\COMCTL32.dll
0x00007ffc34210000 - 0x00007ffc342ae000 	C:\WINDOWS\System32\msvcrt.dll
0x00007ffc34430000 - 0x00007ffc3445f000 	C:\WINDOWS\System32\IMM32.DLL
0x00007ffc2f340000 - 0x00007ffc2f34c000 	C:\Program Files\Java\jdk-24\bin\vcruntime140_1.dll
0x00007ffc0eef0000 - 0x00007ffc0ef7e000 	C:\Program Files\Java\jdk-24\bin\msvcp140.dll
0x00007ffbc2630000 - 0x00007ffbc33d1000 	C:\Program Files\Java\jdk-24\bin\server\jvm.dll
0x00007ffc33760000 - 0x00007ffc33811000 	C:\WINDOWS\System32\ADVAPI32.dll
0x00007ffc33630000 - 0x00007ffc336cf000 	C:\WINDOWS\System32\sechost.dll
0x00007ffc34460000 - 0x00007ffc34580000 	C:\WINDOWS\System32\RPCRT4.dll
0x00007ffc33200000 - 0x00007ffc33227000 	C:\WINDOWS\System32\bcrypt.dll
0x00007ffc342d0000 - 0x00007ffc3433b000 	C:\WINDOWS\System32\WS2_32.dll
0x00007ffc31e30000 - 0x00007ffc31e7b000 	C:\WINDOWS\SYSTEM32\POWRPROF.dll
0x00007ffc29640000 - 0x00007ffc29667000 	C:\WINDOWS\SYSTEM32\WINMM.dll
0x00007ffc29210000 - 0x00007ffc2921a000 	C:\WINDOWS\SYSTEM32\VERSION.dll
0x00007ffc31ca0000 - 0x00007ffc31cb2000 	C:\WINDOWS\SYSTEM32\UMPDC.dll
0x00007ffc306f0000 - 0x00007ffc30702000 	C:\WINDOWS\SYSTEM32\kernel.appcore.dll
0x00007ffc2c250000 - 0x00007ffc2c25a000 	C:\Program Files\Java\jdk-24\bin\jimage.dll
0x00007ffc22b90000 - 0x00007ffc22d91000 	C:\WINDOWS\SYSTEM32\DBGHELP.DLL
0x00007ffc21860000 - 0x00007ffc21894000 	C:\WINDOWS\SYSTEM32\dbgcore.DLL
0x00007ffc32fa0000 - 0x00007ffc33022000 	C:\WINDOWS\System32\bcryptPrimitives.dll
0x00007ffc23fa0000 - 0x00007ffc23faf000 	C:\Program Files\Java\jdk-24\bin\instrument.dll
0x00007ffc116c0000 - 0x00007ffc116de000 	C:\Program Files\Java\jdk-24\bin\java.dll
0x00007ffc33230000 - 0x00007ffc3335b000 	C:\WINDOWS\System32\ole32.dll
0x00007ffc33eb0000 - 0x00007ffc34204000 	C:\WINDOWS\System32\combase.dll
0x00007ffc34a50000 - 0x00007ffc351c0000 	C:\WINDOWS\System32\SHELL32.dll
0x00007ffc308f0000 - 0x00007ffc31095000 	C:\WINDOWS\SYSTEM32\windows.storage.dll
0x00007ffc322d0000 - 0x00007ffc322fb000 	C:\WINDOWS\SYSTEM32\Wldp.dll
0x00007ffc33a00000 - 0x00007ffc33acd000 	C:\WINDOWS\System32\OLEAUT32.dll
0x00007ffc33570000 - 0x00007ffc3361d000 	C:\WINDOWS\System32\SHCORE.dll
0x00007ffc338d0000 - 0x00007ffc3392b000 	C:\WINDOWS\System32\shlwapi.dll
0x00007ffc327d0000 - 0x00007ffc327f4000 	C:\WINDOWS\SYSTEM32\profapi.dll
0x00007ffc0d7e0000 - 0x00007ffc0d8b7000 	C:\Program Files\Java\jdk-24\bin\jsvml.dll
0x00007ffc11110000 - 0x00007ffc11127000 	C:\Program Files\Java\jdk-24\bin\zip.dll
0x00007ffc1dda0000 - 0x00007ffc1ddb0000 	C:\Program Files\Java\jdk-24\bin\net.dll
0x00007ffc32030000 - 0x00007ffc3209a000 	C:\WINDOWS\system32\mswsock.dll
0x00007ffc11130000 - 0x00007ffc11146000 	C:\Program Files\Java\jdk-24\bin\nio.dll
0x00007ffc23f80000 - 0x00007ffc23f90000 	C:\Program Files\Java\jdk-24\bin\verify.dll

JVMTI agents:
c:\Users\Duong\.vscode\extensions\redhat.java-1.54.0-win32-x64\lombok\lombok-1.18.39-4050.jar path:C:\Program Files\Java\jdk-24\bin\instrument.dll, loaded, initialized, instrumentlib options:none

dbghelp: loaded successfully - version: 4.0.5 - missing functions: none
symbol engine: initialized successfully - sym options: 0x614 - pdb path: .;C:\Program Files\Java\jdk-24\bin;C:\WINDOWS\SYSTEM32;C:\WINDOWS\WinSxS\amd64_microsoft.windows.common-controls_6595b64144ccf1df_6.0.19041.6456_none_60b8a6cb71f64256;C:\Program Files\Java\jdk-24\bin\server

VM Arguments:
jvm_args: -Djdk.xml.maxGeneralEntitySizeLimit=0 -Djdk.xml.totalEntitySizeLimit=0 --add-modules=ALL-SYSTEM --add-opens=java.base/java.util=ALL-UNNAMED --add-opens=java.base/java.lang=ALL-UNNAMED --add-opens=java.base/sun.nio.fs=ALL-UNNAMED -Declipse.application=org.eclipse.jdt.ls.core.id1 -Dosgi.bundles.defaultStartLevel=4 -Declipse.product=org.eclipse.jdt.ls.core.product -Djava.import.generatesMetadataFilesAtProjectRoot=false -DDetectVMInstallationsJob.disabled=true -Dfile.encoding=utf8 -XX:+UseParallelGC -XX:GCTimeRatio=4 -XX:AdaptiveSizePolicyWeight=90 -Dsun.zip.disableMemoryMapping=true -Xmx2G -Xms100m -Xlog:disable -javaagent:c:\Users\Duong\.vscode\extensions\redhat.java-1.54.0-win32-x64\lombok\lombok-1.18.39-4050.jar -XX:+HeapDumpOnOutOfMemoryError -XX:HeapDumpPath=c:\Users\Duong\AppData\Roaming\Code\User\workspaceStorage\68b6bf03151ee509615350189f5dd550\redhat.java -Daether.dependencyCollector.impl=bf 
java_command: c:\Users\Duong\.vscode\extensions\redhat.java-1.54.0-win32-x64\server\plugins\org.eclipse.equinox.launcher_1.7.100.v20251111-0406.jar -configuration c:\Users\Duong\AppData\Roaming\Code\User\globalStorage\redhat.java\1.54.0\config_win -data c:\Users\Duong\AppData\Roaming\Code\User\workspaceStorage\68b6bf03151ee509615350189f5dd550\redhat.java\jdt_ws --pipe=\\.\pipe\lsp-74e371a73893f973fd41dfa8533a78d2-sock
java_class_path (initial): c:\Users\Duong\.vscode\extensions\redhat.java-1.54.0-win32-x64\server\plugins\org.eclipse.equinox.launcher_1.7.100.v20251111-0406.jar
Launcher Type: SUN_STANDARD

[Global flags]
     uint AdaptiveSizePolicyWeight                 = 90                                        {product} {command line}
     intx CICompilerCount                          = 3                                         {product} {ergonomic}
     uint GCTimeRatio                              = 4                                         {product} {command line}
     bool HeapDumpOnOutOfMemoryError               = true                                   {manageable} {command line}
    ccstr HeapDumpPath                             = c:\Users\Duong\AppData\Roaming\Code\User\workspaceStorage\68b6bf03151ee509615350189f5dd550\redhat.java         {manageable} {command line}
   size_t InitialHeapSize                          = 104857600                                 {product} {command line}
   size_t MaxHeapSize                              = 2147483648                                {product} {command line}
   size_t MaxNewSize                               = 715653120                                 {product} {ergonomic}
   size_t MinHeapDeltaBytes                        = 524288                                    {product} {ergonomic}
   size_t MinHeapSize                              = 104857600                                 {product} {command line}
   size_t NewSize                                  = 34603008                                  {product} {ergonomic}
    uintx NonNMethodCodeHeapSize                   = 5832704                                {pd product} {ergonomic}
    uintx NonProfiledCodeHeapSize                  = 122945536                              {pd product} {ergonomic}
    uintx ProfiledCodeHeapSize                     = 122880000                              {pd product} {ergonomic}
    uintx ReservedCodeCacheSize                    = 251658240                              {pd product} {ergonomic}
     bool SegmentedCodeCache                       = true                                      {product} {ergonomic}
   size_t SoftMaxHeapSize                          = 2147483648                             {manageable} {ergonomic}
     bool UseCompressedOops                        = true                           {product lp64_product} {ergonomic}
     bool UseLargePagesIndividualAllocation        = false                                  {pd product} {ergonomic}
     bool UseParallelGC                            = true                                      {product} {command line}

Logging:
Log output configuration:
 #0: stdout all=off uptime,level,tags foldmultilines=false
 #1: stderr all=off uptime,level,tags foldmultilines=false

Environment Variables:
PATH=C:\Program Files\Microsoft MPI\Bin\;C:\Program Files\Common Files\Oracle\Java\javapath;C:\WINDOWS\system32;C:\WINDOWS;C:\WINDOWS\System32\Wbem;C:\WINDOWS\System32\WindowsPowerShell\v1.0\;C:\WINDOWS\System32\OpenSSH\;C:\Program Files\Git\cmd;C:\Program Files\Microsoft SQL Server\Client SDK\ODBC\170\Tools\Binn\;C:\Program Files\Microsoft SQL Server\150\Tools\Binn\;C:\Program Files\dotnet\;C:\Program Files\Microsoft SQL Server\170\Tools\Binn\;C:\Program Files (x86)\Microsoft SQL Server\170\Tools\Binn\;C:\Program Files\Microsoft SQL Server\Client SDK\ODBC\180\Tools\Binn\;C:\Program Files\Microsoft SQL Server\170\DTS\Binn\;C:\Users\Duong\AppData\Local\Programs\Python\Python314\Scripts\;C:\Users\Duong\AppData\Local\Programs\Python\Python314\;C:\Users\Duong\AppData\Local\Programs\Python\Launcher\;C:\Program Files\MySQL\MySQL Shell 8.0\bin\;C:\Users\Duong\AppData\Local\Microsoft\WindowsApps;C:\Users\Duong\AppData\Local\Programs\Microsoft VS Code\bin;C:\Users\Duong\AppData\Local\GitHubDesktop\bin;C:\Program Files\Git\bin;Visual code;C:\Users\Duong\.dotnet\tools;C:\Program Files\dotnet\;
USERNAME=Duong
OS=Windows_NT
PROCESSOR_IDENTIFIER=Intel64 Family 6 Model 69 Stepping 1, GenuineIntel
TMP=C:\Users\Duong\AppData\Local\Temp
TEMP=C:\Users\Duong\AppData\Local\Temp




Periodic native trim disabled

---------------  S Y S T E M  ---------------

OS:
 Windows 10 , 64 bit Build 19041 (10.0.19041.5915)
OS uptime: 0 days 6:25 hours

CPU: total 4 (initial active 4) (2 cores per cpu, 2 threads per core) family 6 model 69 stepping 1 microcode 0x25, cx8, cmov, fxsr, ht, mmx, sse, sse2, sse3, ssse3, sse4.1, sse4.2, popcnt, lzcnt, tsc, tscinvbit, avx, avx2, aes, erms, clmul, bmi1, bmi2, fma, vzeroupper, clflush, rdtscp, f16c
Processor Information for the first 4 processors :
  Max Mhz: 2701, Current Mhz: 2701, Mhz Limit: 2701

Memory: 4k page, system-wide physical 8097M (567M free)
TotalPageFile size 14726M (AvailPageFile size 232M)
current process WorkingSet (physical memory assigned to process): 85M, peak: 85M
current process commit charge ("private bytes"): 191M, peak: 191M

vm_info: Java HotSpot(TM) 64-Bit Server VM (24.0.2+12-54) for windows-amd64 JRE (24.0.2+12-54), built on 2025-07-08T12:10:27Z with MS VC++ 17.6 (VS2022)

END.
